# JRE version: Java(TM) SE Runtime Environment (8.0_162-b12) (build 1.8.0_162-b12)
# Java VM: Java HotSpot(TM) 64-Bit Server VM (25.162-b12 mixed mode windows-amd64 compressed oops)
Heap:
 PSYoungGen      total 467456K, used 122281K [0x000000076ab00000, 0x0000000796480000, 0x00000007c0000000)
  eden space 318976K, 4% used [0x000000076ab00000,0x000000076ba6d2f0,0x000000077e280000)
  from space 148480K, 71% used [0x0000000789180000,0x000000078f97d2c8,0x0000000792280000)
  to   space 179200K, 0% used [0x000000077e280000,0x000000077e280000,0x0000000789180000)
 ParOldGen       total 440832K, used 303187K [0x00000006c0000000, 0x00000006dae80000, 0x000000076ab00000)
  object space 440832K, 68% used [0x00000006c0000000,0x00000006d2814fd8,0x00000006dae80000)
 Metaspace       used 6750K, capacity 7320K, committed 7680K, reserved 1056768K
  class space    used 641K, capacity 656K, committed 768K, reserved 1048576K
GC Heap History (10 events):
Event: 26.898 GC heap before
{Heap before GC invocations=18 (full 3):
 PSYoungGen      total 369664K, used 332698K [0x000000076ab00000, 0x0000000787e00000, 0x00000007c0000000)
  eden space 283136K, 100% used [0x000000076ab00000,0x000000077bf80000,0x000000077bf80000)
  from space 86528K, 57% used [0x0000000781900000,0x0000000784966988,0x0000000786d80000)
  to   space 91648K, 0% used [0x000000077bf80000,0x000000077bf80000,0x0000000781900000)
 ParOldGen       total 303616K, used 193169K [0x00000006c0000000, 0x00000006d2880000, 0x000000076ab00000)
  object space 303616K, 63% used [0x00000006c0000000,0x00000006cbca4580,0x00000006d2880000)
 Metaspace       used 6742K, capacity 7320K, committed 7680K, reserved 1056768K
  class space    used 640K, capacity 656K, committed 768K, reserved 1048576K
Event: 27.188 GC heap after
Heap after GC invocations=18 (full 3):
 PSYoungGen      total 374784K, used 89514K [0x000000076ab00000, 0x000000078bf00000, 0x00000007c0000000)
  eden space 283136K, 0% used [0x000000076ab00000,0x000000076ab00000,0x000000077bf80000)
  from space 91648K, 97% used [0x000000077bf80000,0x00000007816ea858,0x0000000781900000)
  to   space 105984K, 0% used [0x0000000785780000,0x0000000785780000,0x000000078bf00000)
 ParOldGen       total 303616K, used 193169K [0x00000006c0000000, 0x00000006d2880000, 0x000000076ab00000)
  object space 303616K, 63% used [0x00000006c0000000,0x00000006cbca4580,0x00000006d2880000)
 Metaspace       used 6742K, capacity 7320K, committed 7680K, reserved 1056768K
  class space    used 640K, capacity 656K, committed 768K, reserved 1048576K
}
Event: 28.844 GC heap before
{Heap before GC invocations=19 (full 3):
 PSYoungGen      total 374784K, used 372650K [0x000000076ab00000, 0x000000078bf00000, 0x00000007c0000000)
  eden space 283136K, 100% used [0x000000076ab00000,0x000000077bf80000,0x000000077bf80000)
  from space 91648K, 97% used [0x000000077bf80000,0x00000007816ea858,0x0000000781900000)
  to   space 105984K, 0% used [0x0000000785780000,0x0000000785780000,0x000000078bf00000)
 ParOldGen       total 303616K, used 193169K [0x00000006c0000000, 0x00000006d2880000, 0x000000076ab00000)
  object space 303616K, 63% used [0x00000006c0000000,0x00000006cbca4580,0x00000006d2880000)
 Metaspace       used 6745K, capacity 7320K, committed 7680K, reserved 1056768K
  class space    used 640K, capacity 656K, committed 768K, reserved 1048576K
Event: 29.167 GC heap after
Heap after GC invocations=19 (full 3):
 PSYoungGen      total 413184K, used 105980K [0x000000076ab00000, 0x000000078f680000, 0x00000007c0000000)
  eden space 307200K, 0% used [0x000000076ab00000,0x000000076ab00000,0x000000077d700000)
  from space 105984K, 99% used [0x0000000785780000,0x000000078beff3d0,0x000000078bf00000)
  to   space 131584K, 0% used [0x000000077d700000,0x000000077d700000,0x0000000785780000)
 ParOldGen       total 303616K, used 214997K [0x00000006c0000000, 0x00000006d2880000, 0x000000076ab00000)
  object space 303616K, 70% used [0x00000006c0000000,0x00000006cd1f54f8,0x00000006d2880000)
 Metaspace       used 6745K, capacity 7320K, committed 7680K, reserved 1056768K
  class space    used 640K, capacity 656K, committed 768K, reserved 1048576K
}
Event: 31.939 GC heap before
{Heap before GC invocations=20 (full 3):
 PSYoungGen      total 413184K, used 413180K [0x000000076ab00000, 0x000000078f680000, 0x00000007c0000000)
  eden space 307200K, 100% used [0x000000076ab00000,0x000000077d700000,0x000000077d700000)
  from space 105984K, 99% used [0x0000000785780000,0x000000078beff3d0,0x000000078bf00000)
  to   space 131584K, 0% used [0x000000077d700000,0x000000077d700000,0x0000000785780000)
 ParOldGen       total 303616K, used 214997K [0x00000006c0000000, 0x00000006d2880000, 0x000000076ab00000)
  object space 303616K, 70% used [0x00000006c0000000,0x00000006cd1f54f8,0x00000006d2880000)
 Metaspace       used 6748K, capacity 7320K, committed 7680K, reserved 1056768K
  class space    used 640K, capacity 656K, committed 768K, reserved 1048576K
Event: 32.453 GC heap after
Heap after GC invocations=20 (full 3):
 PSYoungGen      total 438784K, used 117491K [0x000000076ab00000, 0x0000000792280000, 0x00000007c0000000)
  eden space 307200K, 0% used [0x000000076ab00000,0x000000076ab00000,0x000000077d700000)
  from space 131584K, 89% used [0x000000077d700000,0x00000007849bcc38,0x0000000785780000)
  to   space 148480K, 0% used [0x0000000789180000,0x0000000789180000,0x0000000792280000)
 ParOldGen       total 303616K, used 250161K [0x00000006c0000000, 0x00000006d2880000, 0x000000076ab00000)
  object space 303616K, 82% used [0x00000006c0000000,0x00000006cf44c458,0x00000006d2880000)
 Metaspace       used 6748K, capacity 7320K, committed 7680K, reserved 1056768K
  class space    used 640K, capacity 656K, committed 768K, reserved 1048576K
}
Event: 34.284 GC heap before
{Heap before GC invocations=21 (full 3):
 PSYoungGen      total 438784K, used 424691K [0x000000076ab00000, 0x0000000792280000, 0x00000007c0000000)
  eden space 307200K, 100% used [0x000000076ab00000,0x000000077d700000,0x000000077d700000)
  from space 131584K, 89% used [0x000000077d700000,0x00000007849bcc38,0x0000000785780000)
  to   space 148480K, 0% used [0x0000000789180000,0x0000000789180000,0x0000000792280000)
 ParOldGen       total 303616K, used 250161K [0x00000006c0000000, 0x00000006d2880000, 0x000000076ab00000)
  object space 303616K, 82% used [0x00000006c0000000,0x00000006cf44c458,0x00000006d2880000)
 Metaspace       used 6750K, capacity 7320K, committed 7680K, reserved 1056768K
  class space    used 641K, capacity 656K, committed 768K, reserved 1048576K
Event: 34.875 GC heap after
Heap after GC invocations=21 (full 3):
 PSYoungGen      total 467456K, used 148477K [0x000000076ab00000, 0x0000000796480000, 0x00000007c0000000)
  eden space 318976K, 0% used [0x000000076ab00000,0x000000076ab00000,0x000000077e280000)
  from space 148480K, 99% used [0x0000000789180000,0x000000079227f628,0x0000000792280000)
  to   space 179200K, 0% used [0x000000077e280000,0x000000077e280000,0x0000000789180000)
 ParOldGen       total 303616K, used 265180K [0x00000006c0000000, 0x00000006d2880000, 0x000000076ab00000)
  object space 303616K, 87% used [0x00000006c0000000,0x00000006d02f7240,0x00000006d2880000)
 Metaspace       used 6750K, capacity 7320K, committed 7680K, reserved 1056768K
  class space    used 641K, capacity 656K, committed 768K, reserved 1048576K
}
Event: 34.875 GC heap before
{Heap before GC invocations=22 (full 4):
 PSYoungGen      total 467456K, used 148477K [0x000000076ab00000, 0x0000000796480000, 0x00000007c0000000)
  eden space 318976K, 0% used [0x000000076ab00000,0x000000076ab00000,0x000000077e280000)
  from space 148480K, 99% used [0x0000000789180000,0x000000079227f628,0x0000000792280000)
  to   space 179200K, 0% used [0x000000077e280000,0x000000077e280000,0x0000000789180000)
 ParOldGen       total 303616K, used 265180K [0x00000006c0000000, 0x00000006d2880000, 0x000000076ab00000)
  object space 303616K, 87% used [0x00000006c0000000,0x00000006d02f7240,0x00000006d2880000)
 Metaspace       used 6750K, capacity 7320K, committed 7680K, reserved 1056768K
  class space    used 641K, capacity 656K, committed 768K, reserved 1048576K
Event: 40.104 GC heap after
Heap after GC invocations=22 (full 4):
 PSYoungGen      total 467456K, used 106484K [0x000000076ab00000, 0x0000000796480000, 0x00000007c0000000)
  eden space 318976K, 0% used [0x000000076ab00000,0x000000076ab00000,0x000000077e280000)
  from space 148480K, 71% used [0x0000000789180000,0x000000078f97d2c8,0x0000000792280000)
  to   space 179200K, 0% used [0x000000077e280000,0x000000077e280000,0x0000000789180000)
 ParOldGen       total 440832K, used 303187K [0x00000006c0000000, 0x00000006dae80000, 0x000000076ab00000)
  object space 440832K, 68% used [0x00000006c0000000,0x00000006d2814fd8,0x00000006dae80000)
 Metaspace       used 6750K, capacity 7320K, committed 7680K, reserved 1056768K
  class space    used 641K, capacity 656K, committed 768K, reserved 1048576K
}

