# JRE version: Java(TM) SE Runtime Environment (8.0_162-b12) (build 1.8.0_162-b12)
# Java VM: Java HotSpot(TM) 64-Bit Server VM (25.162-b12 mixed mode windows-amd64 compressed oops)
Heap:
 PSYoungGen      total 751104K, used 423360K [0x000000076ab00000, 0x00000007a7100000, 0x00000007c0000000)
  eden space 515072K, 82% used [0x000000076ab00000,0x0000000784870300,0x000000078a200000)
  from space 236032K, 0% used [0x0000000798a80000,0x0000000798a80000,0x00000007a7100000)
  to   space 237056K, 0% used [0x000000078a200000,0x000000078a200000,0x0000000798980000)
 ParOldGen       total 753152K, used 521421K [0x00000006c0000000, 0x00000006edf80000, 0x000000076ab00000)
  object space 753152K, 69% used [0x00000006c0000000,0x00000006dfd33668,0x00000006edf80000)
 Metaspace       used 6753K, capacity 7320K, committed 7680K, reserved 1056768K
  class space    used 642K, capacity 656K, committed 768K, reserved 1048576K
GC Heap History (10 events):
Event: 83.598 GC heap before
{Heap before GC invocations=24 (full 5):
 PSYoungGen      total 513024K, used 131071K [0x000000076ab00000, 0x000000079e180000, 0x00000007c0000000)
  eden space 381952K, 0% used [0x000000076ab00000,0x000000076ab00000,0x0000000782000000)
  from space 131072K, 99% used [0x0000000782000000,0x0000000789fffc60,0x000000078a000000)
  to   space 190464K, 0% used [0x0000000792780000,0x0000000792780000,0x000000079e180000)
 ParOldGen       total 442368K, used 404279K [0x00000006c0000000, 0x00000006db000000, 0x000000076ab00000)
  object space 442368K, 91% used [0x00000006c0000000,0x00000006d8acdfb0,0x00000006db000000)
 Metaspace       used 6743K, capacity 7320K, committed 7680K, reserved 1056768K
  class space    used 641K, capacity 656K, committed 768K, reserved 1048576K
Event: 101.957 GC heap after
Heap after GC invocations=24 (full 5):
 PSYoungGen      total 513024K, used 88739K [0x000000076ab00000, 0x000000079e180000, 0x00000007c0000000)
  eden space 381952K, 0% used [0x000000076ab00000,0x000000076ab00000,0x0000000782000000)
  from space 131072K, 67% used [0x0000000782000000,0x00000007876a8d80,0x000000078a000000)
  to   space 190464K, 0% used [0x0000000792780000,0x0000000792780000,0x000000079e180000)
 ParOldGen       total 633856K, used 442244K [0x00000006c0000000, 0x00000006e6b00000, 0x000000076ab00000)
  object space 633856K, 69% used [0x00000006c0000000,0x00000006dafe1188,0x00000006e6b00000)
 Metaspace       used 6743K, capacity 7320K, committed 7680K, reserved 1056768K
  class space    used 641K, capacity 656K, committed 768K, reserved 1048576K
}
Event: 107.468 GC heap before
{Heap before GC invocations=25 (full 5):
 PSYoungGen      total 513024K, used 470691K [0x000000076ab00000, 0x000000079e180000, 0x00000007c0000000)
  eden space 381952K, 100% used [0x000000076ab00000,0x0000000782000000,0x0000000782000000)
  from space 131072K, 67% used [0x0000000782000000,0x00000007876a8d80,0x000000078a000000)
  to   space 190464K, 0% used [0x0000000792780000,0x0000000792780000,0x000000079e180000)
 ParOldGen       total 633856K, used 442244K [0x00000006c0000000, 0x00000006e6b00000, 0x000000076ab00000)
  object space 633856K, 69% used [0x00000006c0000000,0x00000006dafe1188,0x00000006e6b00000)
 Metaspace       used 6752K, capacity 7320K, committed 7680K, reserved 1056768K
  class space    used 642K, capacity 656K, committed 768K, reserved 1048576K
Event: 108.489 GC heap after
Heap after GC invocations=25 (full 5):
 PSYoungGen      total 602624K, used 91582K [0x000000076ab00000, 0x000000079c580000, 0x00000007c0000000)
  eden space 440832K, 0% used [0x000000076ab00000,0x000000076ab00000,0x0000000785980000)
  from space 161792K, 56% used [0x0000000792780000,0x00000007980efad0,0x000000079c580000)
  to   space 186368K, 0% used [0x0000000785980000,0x0000000785980000,0x0000000790f80000)
 ParOldGen       total 633856K, used 466425K [0x00000006c0000000, 0x00000006e6b00000, 0x000000076ab00000)
  object space 633856K, 73% used [0x00000006c0000000,0x00000006dc77e698,0x00000006e6b00000)
 Metaspace       used 6752K, capacity 7320K, committed 7680K, reserved 1056768K
  class space    used 642K, capacity 656K, committed 768K, reserved 1048576K
}
Event: 109.706 GC heap before
{Heap before GC invocations=26 (full 5):
 PSYoungGen      total 602624K, used 532414K [0x000000076ab00000, 0x000000079c580000, 0x00000007c0000000)
  eden space 440832K, 100% used [0x000000076ab00000,0x0000000785980000,0x0000000785980000)
  from space 161792K, 56% used [0x0000000792780000,0x00000007980efad0,0x000000079c580000)
  to   space 186368K, 0% used [0x0000000785980000,0x0000000785980000,0x0000000790f80000)
 ParOldGen       total 633856K, used 466425K [0x00000006c0000000, 0x00000006e6b00000, 0x000000076ab00000)
  object space 633856K, 73% used [0x00000006c0000000,0x00000006dc77e698,0x00000006e6b00000)
 Metaspace       used 6752K, capacity 7320K, committed 7680K, reserved 1056768K
  class space    used 642K, capacity 656K, committed 768K, reserved 1048576K
Event: 110.394 GC heap after
Heap after GC invocations=26 (full 5):
 PSYoungGen      total 627200K, used 186361K [0x000000076ab00000, 0x00000007a7380000, 0x00000007c0000000)
  eden space 440832K, 0% used [0x000000076ab00000,0x000000076ab00000,0x0000000785980000)
  from space 186368K, 99% used [0x0000000785980000,0x0000000790f7e778,0x0000000790f80000)
  to   space 238592K, 0% used [0x0000000798a80000,0x0000000798a80000,0x00000007a7380000)
 ParOldGen       total 633856K, used 525893K [0x00000006c0000000, 0x00000006e6b00000, 0x000000076ab00000)
  object space 633856K, 82% used [0x00000006c0000000,0x00000006e01915e0,0x00000006e6b00000)
 Metaspace       used 6752K, capacity 7320K, committed 7680K, reserved 1056768K
  class space    used 642K, capacity 656K, committed 768K, reserved 1048576K
}
Event: 112.735 GC heap before
{Heap before GC invocations=27 (full 5):
 PSYoungGen      total 627200K, used 627193K [0x000000076ab00000, 0x00000007a7380000, 0x00000007c0000000)
  eden space 440832K, 100% used [0x000000076ab00000,0x0000000785980000,0x0000000785980000)
  from space 186368K, 99% used [0x0000000785980000,0x0000000790f7e778,0x0000000790f80000)
  to   space 238592K, 0% used [0x0000000798a80000,0x0000000798a80000,0x00000007a7380000)
 ParOldGen       total 633856K, used 525893K [0x00000006c0000000, 0x00000006e6b00000, 0x000000076ab00000)
  object space 633856K, 82% used [0x00000006c0000000,0x00000006e01915e0,0x00000006e6b00000)
 Metaspace       used 6752K, capacity 7320K, committed 7680K, reserved 1056768K
  class space    used 642K, capacity 656K, committed 768K, reserved 1048576K
Event: 113.574 GC heap after
Heap after GC invocations=27 (full 5):
 PSYoungGen      total 751104K, used 125984K [0x000000076ab00000, 0x00000007a7100000, 0x00000007c0000000)
  eden space 515072K, 0% used [0x000000076ab00000,0x000000076ab00000,0x000000078a200000)
  from space 236032K, 53% used [0x0000000798a80000,0x00000007a05881e8,0x00000007a7100000)
  to   space 237056K, 0% used [0x000000078a200000,0x000000078a200000,0x0000000798980000)
 ParOldGen       total 633856K, used 595982K [0x00000006c0000000, 0x00000006e6b00000, 0x000000076ab00000)
  object space 633856K, 94% used [0x00000006c0000000,0x00000006e46038c8,0x00000006e6b00000)
 Metaspace       used 6752K, capacity 7320K, committed 7680K, reserved 1056768K
  class space    used 642K, capacity 656K, committed 768K, reserved 1048576K
}
Event: 113.574 GC heap before
{Heap before GC invocations=28 (full 6):
 PSYoungGen      total 751104K, used 125984K [0x000000076ab00000, 0x00000007a7100000, 0x00000007c0000000)
  eden space 515072K, 0% used [0x000000076ab00000,0x000000076ab00000,0x000000078a200000)
  from space 236032K, 53% used [0x0000000798a80000,0x00000007a05881e8,0x00000007a7100000)
  to   space 237056K, 0% used [0x000000078a200000,0x000000078a200000,0x0000000798980000)
 ParOldGen       total 633856K, used 595982K [0x00000006c0000000, 0x00000006e6b00000, 0x000000076ab00000)
  object space 633856K, 94% used [0x00000006c0000000,0x00000006e46038c8,0x00000006e6b00000)
 Metaspace       used 6752K, capacity 7320K, committed 7680K, reserved 1056768K
  class space    used 642K, capacity 656K, committed 768K, reserved 1048576K
Event: 119.829 GC heap after
Heap after GC invocations=28 (full 6):
 PSYoungGen      total 751104K, used 0K [0x000000076ab00000, 0x00000007a7100000, 0x00000007c0000000)
  eden space 515072K, 0% used [0x000000076ab00000,0x000000076ab00000,0x000000078a200000)
  from space 236032K, 0% used [0x0000000798a80000,0x0000000798a80000,0x00000007a7100000)
  to   space 237056K, 0% used [0x000000078a200000,0x000000078a200000,0x0000000798980000)
 ParOldGen       total 753152K, used 521421K [0x00000006c0000000, 0x00000006edf80000, 0x000000076ab00000)
  object space 753152K, 69% used [0x00000006c0000000,0x00000006dfd33668,0x00000006edf80000)
 Metaspace       used 6752K, capacity 7320K, committed 7680K, reserved 1056768K
  class space    used 642K, capacity 656K, committed 768K, reserved 1048576K
}

