# JRE version: Java(TM) SE Runtime Environment (8.0_162-b12) (build 1.8.0_162-b12)
# Java VM: Java HotSpot(TM) 64-Bit Server VM (25.162-b12 mixed mode windows-amd64 compressed oops)
Heap:
 PSYoungGen      total 661504K, used 289745K [0x000000076ab00000, 0x00000007aa600000, 0x00000007c0000000)
  eden space 368640K, 22% used [0x000000076ab00000,0x000000076fc6dc50,0x0000000781300000)
  from space 292864K, 70% used [0x0000000781300000,0x000000078dc86aa8,0x0000000793100000)
  to   space 311296K, 0% used [0x0000000797600000,0x0000000797600000,0x00000007aa600000)
 ParOldGen       total 634880K, used 525519K [0x00000006c0000000, 0x00000006e6c00000, 0x000000076ab00000)
  object space 634880K, 82% used [0x00000006c0000000,0x00000006e0133d38,0x00000006e6c00000)
 Metaspace       used 6769K, capacity 7320K, committed 7680K, reserved 1056768K
  class space    used 642K, capacity 656K, committed 768K, reserved 1048576K
GC Heap History (10 events):
Event: 58.851 GC heap before
{Heap before GC invocations=22 (full 4):
 PSYoungGen      total 457728K, used 413166K [0x000000076ab00000, 0x0000000794600000, 0x00000007c0000000)
  eden space 326656K, 100% used [0x000000076ab00000,0x000000077ea00000,0x000000077ea00000)
  from space 131072K, 66% used [0x000000077ea00000,0x0000000783e7b870,0x0000000786a00000)
  to   space 150016K, 0% used [0x000000078b380000,0x000000078b380000,0x0000000794600000)
 ParOldGen       total 431616K, used 295644K [0x00000006c0000000, 0x00000006da580000, 0x000000076ab00000)
  object space 431616K, 68% used [0x00000006c0000000,0x00000006d20b71b0,0x00000006da580000)
 Metaspace       used 6760K, capacity 7320K, committed 7680K, reserved 1056768K
  class space    used 641K, capacity 656K, committed 768K, reserved 1048576K
Event: 59.728 GC heap after
Heap after GC invocations=22 (full 4):
 PSYoungGen      total 493568K, used 149985K [0x000000076ab00000, 0x0000000798700000, 0x00000007c0000000)
  eden space 343552K, 0% used [0x000000076ab00000,0x000000076ab00000,0x000000077fa80000)
  from space 150016K, 99% used [0x000000078b380000,0x00000007945f8600,0x0000000794600000)
  to   space 189440K, 0% used [0x000000077fa80000,0x000000077fa80000,0x000000078b380000)
 ParOldGen       total 431616K, used 333521K [0x00000006c0000000, 0x00000006da580000, 0x000000076ab00000)
  object space 431616K, 77% used [0x00000006c0000000,0x00000006d45b46a8,0x00000006da580000)
 Metaspace       used 6760K, capacity 7320K, committed 7680K, reserved 1056768K
  class space    used 641K, capacity 656K, committed 768K, reserved 1048576K
}
Event: 61.148 GC heap before
{Heap before GC invocations=23 (full 4):
 PSYoungGen      total 493568K, used 493537K [0x000000076ab00000, 0x0000000798700000, 0x00000007c0000000)
  eden space 343552K, 100% used [0x000000076ab00000,0x000000077fa80000,0x000000077fa80000)
  from space 150016K, 99% used [0x000000078b380000,0x00000007945f8600,0x0000000794600000)
  to   space 189440K, 0% used [0x000000077fa80000,0x000000077fa80000,0x000000078b380000)
 ParOldGen       total 431616K, used 333521K [0x00000006c0000000, 0x00000006da580000, 0x000000076ab00000)
  object space 431616K, 77% used [0x00000006c0000000,0x00000006d45b46a8,0x00000006da580000)
 Metaspace       used 6769K, capacity 7320K, committed 7680K, reserved 1056768K
  class space    used 642K, capacity 656K, committed 768K, reserved 1048576K
Event: 61.981 GC heap after
Heap after GC invocations=23 (full 4):
 PSYoungGen      total 532992K, used 189419K [0x000000076ab00000, 0x00000007a2f80000, 0x00000007c0000000)
  eden space 343552K, 0% used [0x000000076ab00000,0x000000076ab00000,0x000000077fa80000)
  from space 189440K, 99% used [0x000000077fa80000,0x000000078b37ac10,0x000000078b380000)
  to   space 260608K, 0% used [0x0000000793100000,0x0000000793100000,0x00000007a2f80000)
 ParOldGen       total 439808K, used 439007K [0x00000006c0000000, 0x00000006dad80000, 0x000000076ab00000)
  object space 439808K, 99% used [0x00000006c0000000,0x00000006dacb7fa8,0x00000006dad80000)
 Metaspace       used 6769K, capacity 7320K, committed 7680K, reserved 1056768K
  class space    used 642K, capacity 656K, committed 768K, reserved 1048576K
}
Event: 61.981 GC heap before
{Heap before GC invocations=24 (full 5):
 PSYoungGen      total 532992K, used 189419K [0x000000076ab00000, 0x00000007a2f80000, 0x00000007c0000000)
  eden space 343552K, 0% used [0x000000076ab00000,0x000000076ab00000,0x000000077fa80000)
  from space 189440K, 99% used [0x000000077fa80000,0x000000078b37ac10,0x000000078b380000)
  to   space 260608K, 0% used [0x0000000793100000,0x0000000793100000,0x00000007a2f80000)
 ParOldGen       total 439808K, used 439007K [0x00000006c0000000, 0x00000006dad80000, 0x000000076ab00000)
  object space 439808K, 99% used [0x00000006c0000000,0x00000006dacb7fa8,0x00000006dad80000)
 Metaspace       used 6769K, capacity 7320K, committed 7680K, reserved 1056768K
  class space    used 642K, capacity 656K, committed 768K, reserved 1048576K
Event: 71.481 GC heap after
Heap after GC invocations=24 (full 5):
 PSYoungGen      total 532992K, used 182041K [0x000000076ab00000, 0x00000007a2f80000, 0x00000007c0000000)
  eden space 343552K, 0% used [0x000000076ab00000,0x000000076ab00000,0x000000077fa80000)
  from space 189440K, 96% used [0x000000077fa80000,0x000000078ac46568,0x000000078b380000)
  to   space 260608K, 0% used [0x0000000793100000,0x0000000793100000,0x00000007a2f80000)
 ParOldGen       total 634880K, used 439729K [0x00000006c0000000, 0x00000006e6c00000, 0x000000076ab00000)
  object space 634880K, 69% used [0x00000006c0000000,0x00000006dad6c458,0x00000006e6c00000)
 Metaspace       used 6769K, capacity 7320K, committed 7680K, reserved 1056768K
  class space    used 642K, capacity 656K, committed 768K, reserved 1048576K
}
Event: 74.811 GC heap before
{Heap before GC invocations=25 (full 5):
 PSYoungGen      total 532992K, used 525593K [0x000000076ab00000, 0x00000007a2f80000, 0x00000007c0000000)
  eden space 343552K, 100% used [0x000000076ab00000,0x000000077fa80000,0x000000077fa80000)
  from space 189440K, 96% used [0x000000077fa80000,0x000000078ac46568,0x000000078b380000)
  to   space 260608K, 0% used [0x0000000793100000,0x0000000793100000,0x00000007a2f80000)
 ParOldGen       total 634880K, used 439729K [0x00000006c0000000, 0x00000006e6c00000, 0x000000076ab00000)
  object space 634880K, 69% used [0x00000006c0000000,0x00000006dad6c458,0x00000006e6c00000)
 Metaspace       used 6769K, capacity 7320K, committed 7680K, reserved 1056768K
  class space    used 642K, capacity 656K, committed 768K, reserved 1048576K
Event: 76.270 GC heap after
Heap after GC invocations=25 (full 5):
 PSYoungGen      total 629248K, used 225040K [0x000000076ab00000, 0x00000007a6380000, 0x00000007c0000000)
  eden space 368640K, 0% used [0x000000076ab00000,0x000000076ab00000,0x0000000781300000)
  from space 260608K, 86% used [0x0000000793100000,0x00000007a0cc43d8,0x00000007a2f80000)
  to   space 292864K, 0% used [0x0000000781300000,0x0000000781300000,0x0000000793100000)
 ParOldGen       total 634880K, used 525519K [0x00000006c0000000, 0x00000006e6c00000, 0x000000076ab00000)
  object space 634880K, 82% used [0x00000006c0000000,0x00000006e0133d38,0x00000006e6c00000)
 Metaspace       used 6769K, capacity 7320K, committed 7680K, reserved 1056768K
  class space    used 642K, capacity 656K, committed 768K, reserved 1048576K
}
Event: 77.575 GC heap before
{Heap before GC invocations=26 (full 5):
 PSYoungGen      total 629248K, used 593680K [0x000000076ab00000, 0x00000007a6380000, 0x00000007c0000000)
  eden space 368640K, 100% used [0x000000076ab00000,0x0000000781300000,0x0000000781300000)
  from space 260608K, 86% used [0x0000000793100000,0x00000007a0cc43d8,0x00000007a2f80000)
  to   space 292864K, 0% used [0x0000000781300000,0x0000000781300000,0x0000000793100000)
 ParOldGen       total 634880K, used 525519K [0x00000006c0000000, 0x00000006e6c00000, 0x000000076ab00000)
  object space 634880K, 82% used [0x00000006c0000000,0x00000006e0133d38,0x00000006e6c00000)
 Metaspace       used 6769K, capacity 7320K, committed 7680K, reserved 1056768K
  class space    used 642K, capacity 656K, committed 768K, reserved 1048576K
Event: 77.985 GC heap after
Heap after GC invocations=26 (full 5):
 PSYoungGen      total 661504K, used 206362K [0x000000076ab00000, 0x00000007aa600000, 0x00000007c0000000)
  eden space 368640K, 0% used [0x000000076ab00000,0x000000076ab00000,0x0000000781300000)
  from space 292864K, 70% used [0x0000000781300000,0x000000078dc86aa8,0x0000000793100000)
  to   space 311296K, 0% used [0x0000000797600000,0x0000000797600000,0x00000007aa600000)
 ParOldGen       total 634880K, used 525519K [0x00000006c0000000, 0x00000006e6c00000, 0x000000076ab00000)
  object space 634880K, 82% used [0x00000006c0000000,0x00000006e0133d38,0x00000006e6c00000)
 Metaspace       used 6769K, capacity 7320K, committed 7680K, reserved 1056768K
  class space    used 642K, capacity 656K, committed 768K, reserved 1048576K
}

