# JRE version: Java(TM) SE Runtime Environment (8.0_162-b12) (build 1.8.0_162-b12)
# Java VM: Java HotSpot(TM) 64-Bit Server VM (25.162-b12 mixed mode windows-amd64 compressed oops)
Heap:
 PSYoungGen      total 716288K, used 483977K [0x000000076ab00000, 0x00000007b8a80000, 0x00000007c0000000)
  eden space 318976K, 33% used [0x000000076ab00000,0x00000007713581a8,0x000000077e280000)
  from space 397312K, 94% used [0x0000000799b80000,0x00000007b0bca5c0,0x00000007b1f80000)
  to   space 451584K, 0% used [0x000000077e280000,0x000000077e280000,0x0000000799b80000)
 ParOldGen       total 903168K, used 749318K [0x00000006c0000000, 0x00000006f7200000, 0x000000076ab00000)
  object space 903168K, 82% used [0x00000006c0000000,0x00000006edbc1bb8,0x00000006f7200000)
 Metaspace       used 7124K, capacity 7640K, committed 7936K, reserved 1056768K
  class space    used 662K, capacity 720K, committed 768K, reserved 1048576K
GC Heap History (10 events):
Event: 66.991 GC heap before
{Heap before GC invocations=36 (full 6):
 PSYoungGen      total 562688K, used 222238K [0x000000076ab00000, 0x00000007a1c80000, 0x00000007c0000000)
  eden space 310784K, 0% used [0x000000076ab00000,0x000000076ad5cb68,0x000000077da80000)
  from space 251904K, 87% used [0x000000077da80000,0x000000078b12af90,0x000000078d080000)
  to   space 279552K, 0% used [0x0000000790b80000,0x0000000790b80000,0x00000007a1c80000)
 ParOldGen       total 903168K, used 701832K [0x00000006c0000000, 0x00000006f7200000, 0x000000076ab00000)
  object space 903168K, 77% used [0x00000006c0000000,0x00000006ead622d8,0x00000006f7200000)
 Metaspace       used 6768K, capacity 7320K, committed 7680K, reserved 1056768K
  class space    used 642K, capacity 656K, committed 768K, reserved 1048576K
Event: 67.568 GC heap after
Heap after GC invocations=36 (full 6):
 PSYoungGen      total 602112K, used 217391K [0x000000076ab00000, 0x00000007a5300000, 0x00000007c0000000)
  eden space 322560K, 0% used [0x000000076ab00000,0x000000076ab00000,0x000000077e600000)
  from space 279552K, 77% used [0x0000000790b80000,0x000000079dfcbf00,0x00000007a1c80000)
  to   space 300544K, 0% used [0x000000077e600000,0x000000077e600000,0x0000000790b80000)
 ParOldGen       total 903168K, used 701832K [0x00000006c0000000, 0x00000006f7200000, 0x000000076ab00000)
  object space 903168K, 77% used [0x00000006c0000000,0x00000006ead622d8,0x00000006f7200000)
 Metaspace       used 6768K, capacity 7320K, committed 7680K, reserved 1056768K
  class space    used 642K, capacity 656K, committed 768K, reserved 1048576K
}
Event: 70.271 GC heap before
{Heap before GC invocations=37 (full 6):
 PSYoungGen      total 602112K, used 539951K [0x000000076ab00000, 0x00000007a5300000, 0x00000007c0000000)
  eden space 322560K, 100% used [0x000000076ab00000,0x000000077e600000,0x000000077e600000)
  from space 279552K, 77% used [0x0000000790b80000,0x000000079dfcbf00,0x00000007a1c80000)
  to   space 300544K, 0% used [0x000000077e600000,0x000000077e600000,0x0000000790b80000)
 ParOldGen       total 903168K, used 701832K [0x00000006c0000000, 0x00000006f7200000, 0x000000076ab00000)
  object space 903168K, 77% used [0x00000006c0000000,0x00000006ead622d8,0x00000006f7200000)
 Metaspace       used 6768K, capacity 7320K, committed 7680K, reserved 1056768K
  class space    used 642K, capacity 656K, committed 768K, reserved 1048576K
Event: 71.231 GC heap after
Heap after GC invocations=37 (full 6):
 PSYoungGen      total 623104K, used 222155K [0x000000076ab00000, 0x00000007a8080000, 0x00000007c0000000)
  eden space 322560K, 0% used [0x000000076ab00000,0x000000076ab00000,0x000000077e600000)
  from space 300544K, 73% used [0x000000077e600000,0x000000078bef2c70,0x0000000790b80000)
  to   space 318464K, 0% used [0x0000000794980000,0x0000000794980000,0x00000007a8080000)
 ParOldGen       total 903168K, used 749318K [0x00000006c0000000, 0x00000006f7200000, 0x000000076ab00000)
  object space 903168K, 82% used [0x00000006c0000000,0x00000006edbc1bb8,0x00000006f7200000)
 Metaspace       used 6768K, capacity 7320K, committed 7680K, reserved 1056768K
  class space    used 642K, capacity 656K, committed 768K, reserved 1048576K
}
Event: 73.229 GC heap before
{Heap before GC invocations=38 (full 6):
 PSYoungGen      total 623104K, used 544715K [0x000000076ab00000, 0x00000007a8080000, 0x00000007c0000000)
  eden space 322560K, 100% used [0x000000076ab00000,0x000000077e600000,0x000000077e600000)
  from space 300544K, 73% used [0x000000077e600000,0x000000078bef2c70,0x0000000790b80000)
  to   space 318464K, 0% used [0x0000000794980000,0x0000000794980000,0x00000007a8080000)
 ParOldGen       total 903168K, used 749318K [0x00000006c0000000, 0x00000006f7200000, 0x000000076ab00000)
  object space 903168K, 82% used [0x00000006c0000000,0x00000006edbc1bb8,0x00000006f7200000)
 Metaspace       used 6769K, capacity 7320K, committed 7680K, reserved 1056768K
  class space    used 642K, capacity 656K, committed 768K, reserved 1048576K
Event: 74.354 GC heap after
Heap after GC invocations=38 (full 6):
 PSYoungGen      total 652288K, used 277039K [0x000000076ab00000, 0x00000007ac300000, 0x00000007c0000000)
  eden space 333824K, 0% used [0x000000076ab00000,0x000000076ab00000,0x000000077f100000)
  from space 318464K, 86% used [0x0000000794980000,0x00000007a580bc58,0x00000007a8080000)
  to   space 352768K, 0% used [0x000000077f100000,0x000000077f100000,0x0000000794980000)
 ParOldGen       total 903168K, used 749318K [0x00000006c0000000, 0x00000006f7200000, 0x000000076ab00000)
  object space 903168K, 82% used [0x00000006c0000000,0x00000006edbc1bb8,0x00000006f7200000)
 Metaspace       used 6769K, capacity 7320K, committed 7680K, reserved 1056768K
  class space    used 642K, capacity 656K, committed 768K, reserved 1048576K
}
Event: 76.053 GC heap before
{Heap before GC invocations=39 (full 6):
 PSYoungGen      total 652288K, used 610863K [0x000000076ab00000, 0x00000007ac300000, 0x00000007c0000000)
  eden space 333824K, 100% used [0x000000076ab00000,0x000000077f100000,0x000000077f100000)
  from space 318464K, 86% used [0x0000000794980000,0x00000007a580bc58,0x00000007a8080000)
  to   space 352768K, 0% used [0x000000077f100000,0x000000077f100000,0x0000000794980000)
 ParOldGen       total 903168K, used 749318K [0x00000006c0000000, 0x00000006f7200000, 0x000000076ab00000)
  object space 903168K, 82% used [0x00000006c0000000,0x00000006edbc1bb8,0x00000006f7200000)
 Metaspace       used 6769K, capacity 7320K, committed 7680K, reserved 1056768K
  class space    used 642K, capacity 656K, committed 768K, reserved 1048576K
Event: 77.273 GC heap after
Heap after GC invocations=39 (full 6):
 PSYoungGen      total 686592K, used 325601K [0x000000076ab00000, 0x00000007b1f80000, 0x00000007c0000000)
  eden space 333824K, 0% used [0x000000076ab00000,0x000000076ab00000,0x000000077f100000)
  from space 352768K, 92% used [0x000000077f100000,0x0000000792ef85f8,0x0000000794980000)
  to   space 397312K, 0% used [0x0000000799b80000,0x0000000799b80000,0x00000007b1f80000)
 ParOldGen       total 903168K, used 749318K [0x00000006c0000000, 0x00000006f7200000, 0x000000076ab00000)
  object space 903168K, 82% used [0x00000006c0000000,0x00000006edbc1bb8,0x00000006f7200000)
 Metaspace       used 6769K, capacity 7320K, committed 7680K, reserved 1056768K
  class space    used 642K, capacity 656K, committed 768K, reserved 1048576K
}
Event: 79.640 GC heap before
{Heap before GC invocations=40 (full 6):
 PSYoungGen      total 686592K, used 659425K [0x000000076ab00000, 0x00000007b1f80000, 0x00000007c0000000)
  eden space 333824K, 100% used [0x000000076ab00000,0x000000077f100000,0x000000077f100000)
  from space 352768K, 92% used [0x000000077f100000,0x0000000792ef85f8,0x0000000794980000)
  to   space 397312K, 0% used [0x0000000799b80000,0x0000000799b80000,0x00000007b1f80000)
 ParOldGen       total 903168K, used 749318K [0x00000006c0000000, 0x00000006f7200000, 0x000000076ab00000)
  object space 903168K, 82% used [0x00000006c0000000,0x00000006edbc1bb8,0x00000006f7200000)
 Metaspace       used 6769K, capacity 7320K, committed 7680K, reserved 1056768K
  class space    used 642K, capacity 656K, committed 768K, reserved 1048576K
Event: 81.565 GC heap after
Heap after GC invocations=40 (full 6):
 PSYoungGen      total 716288K, used 377129K [0x000000076ab00000, 0x00000007b8a80000, 0x00000007c0000000)
  eden space 318976K, 0% used [0x000000076ab00000,0x000000076ab00000,0x000000077e280000)
  from space 397312K, 94% used [0x0000000799b80000,0x00000007b0bca5c0,0x00000007b1f80000)
  to   space 451584K, 0% used [0x000000077e280000,0x000000077e280000,0x0000000799b80000)
 ParOldGen       total 903168K, used 749318K [0x00000006c0000000, 0x00000006f7200000, 0x000000076ab00000)
  object space 903168K, 82% used [0x00000006c0000000,0x00000006edbc1bb8,0x00000006f7200000)
 Metaspace       used 6769K, capacity 7320K, committed 7680K, reserved 1056768K
  class space    used 642K, capacity 656K, committed 768K, reserved 1048576K
}

