# JRE version: Java(TM) SE Runtime Environment (8.0_162-b12) (build 1.8.0_162-b12)
# Java VM: Java HotSpot(TM) 64-Bit Server VM (25.162-b12 mixed mode windows-amd64 compressed oops)
Heap:
 PSYoungGen      total 463360K, used 340095K [0x000000076ab00000, 0x0000000790c00000, 0x00000007c0000000)
  eden space 344064K, 98% used [0x000000076ab00000,0x000000077f71fde0,0x000000077fb00000)
  from space 119296K, 0% used [0x0000000789780000,0x0000000789780000,0x0000000790c00000)
  to   space 108544K, 0% used [0x000000077fb00000,0x000000077fb00000,0x0000000786500000)
 ParOldGen       total 492032K, used 491939K [0x00000006c0000000, 0x00000006de080000, 0x000000076ab00000)
  object space 492032K, 99% used [0x00000006c0000000,0x00000006de068d70,0x00000006de080000)
 Metaspace       used 6771K, capacity 7320K, committed 7680K, reserved 1056768K
  class space    used 642K, capacity 656K, committed 768K, reserved 1048576K
GC Heap History (10 events):
Event: 28.902 GC heap before
{Heap before GC invocations=20 (full 4):
 PSYoungGen      total 445952K, used 74950K [0x000000076ab00000, 0x000000078dd00000, 0x00000007c0000000)
  eden space 344064K, 0% used [0x000000076ab00000,0x000000076ab00000,0x000000077fb00000)
  from space 101888K, 73% used [0x0000000786500000,0x000000078ae31a38,0x000000078c880000)
  to   space 108544K, 0% used [0x000000077fb00000,0x000000077fb00000,0x0000000786500000)
 ParOldGen       total 291328K, used 258234K [0x00000006c0000000, 0x00000006d1c80000, 0x000000076ab00000)
  object space 291328K, 88% used [0x00000006c0000000,0x00000006cfc2e8c8,0x00000006d1c80000)
 Metaspace       used 6759K, capacity 7320K, committed 7680K, reserved 1056768K
  class space    used 641K, capacity 656K, committed 768K, reserved 1048576K
Event: 34.361 GC heap after
Heap after GC invocations=20 (full 4):
 PSYoungGen      total 445952K, used 38647K [0x000000076ab00000, 0x000000078dd00000, 0x00000007c0000000)
  eden space 344064K, 0% used [0x000000076ab00000,0x000000076ab00000,0x000000077fb00000)
  from space 101888K, 37% used [0x0000000786500000,0x0000000788abdd78,0x000000078c880000)
  to   space 108544K, 0% used [0x000000077fb00000,0x000000077fb00000,0x0000000786500000)
 ParOldGen       total 436224K, used 291319K [0x00000006c0000000, 0x00000006daa00000, 0x000000076ab00000)
  object space 436224K, 66% used [0x00000006c0000000,0x00000006d1c7df58,0x00000006daa00000)
 Metaspace       used 6759K, capacity 7320K, committed 7680K, reserved 1056768K
  class space    used 641K, capacity 656K, committed 768K, reserved 1048576K
}
Event: 36.265 GC heap before
{Heap before GC invocations=21 (full 4):
 PSYoungGen      total 445952K, used 382711K [0x000000076ab00000, 0x000000078dd00000, 0x00000007c0000000)
  eden space 344064K, 100% used [0x000000076ab00000,0x000000077fb00000,0x000000077fb00000)
  from space 101888K, 37% used [0x0000000786500000,0x0000000788abdd78,0x000000078c880000)
  to   space 108544K, 0% used [0x000000077fb00000,0x000000077fb00000,0x0000000786500000)
 ParOldGen       total 436224K, used 291319K [0x00000006c0000000, 0x00000006daa00000, 0x000000076ab00000)
  object space 436224K, 66% used [0x00000006c0000000,0x00000006d1c7df58,0x00000006daa00000)
 Metaspace       used 6761K, capacity 7320K, committed 7680K, reserved 1056768K
  class space    used 641K, capacity 656K, committed 768K, reserved 1048576K
Event: 36.901 GC heap after
Heap after GC invocations=21 (full 4):
 PSYoungGen      total 452608K, used 89425K [0x000000076ab00000, 0x0000000790c00000, 0x00000007c0000000)
  eden space 344064K, 0% used [0x000000076ab00000,0x000000076ab00000,0x000000077fb00000)
  from space 108544K, 82% used [0x000000077fb00000,0x0000000785254608,0x0000000786500000)
  to   space 119296K, 0% used [0x0000000789780000,0x0000000789780000,0x0000000790c00000)
 ParOldGen       total 436224K, used 291319K [0x00000006c0000000, 0x00000006daa00000, 0x000000076ab00000)
  object space 436224K, 66% used [0x00000006c0000000,0x00000006d1c7df58,0x00000006daa00000)
 Metaspace       used 6761K, capacity 7320K, committed 7680K, reserved 1056768K
  class space    used 641K, capacity 656K, committed 768K, reserved 1048576K
}
Event: 40.452 GC heap before
{Heap before GC invocations=22 (full 4):
 PSYoungGen      total 452608K, used 433489K [0x000000076ab00000, 0x0000000790c00000, 0x00000007c0000000)
  eden space 344064K, 100% used [0x000000076ab00000,0x000000077fb00000,0x000000077fb00000)
  from space 108544K, 82% used [0x000000077fb00000,0x0000000785254608,0x0000000786500000)
  to   space 119296K, 0% used [0x0000000789780000,0x0000000789780000,0x0000000790c00000)
 ParOldGen       total 436224K, used 291319K [0x00000006c0000000, 0x00000006daa00000, 0x000000076ab00000)
  object space 436224K, 66% used [0x00000006c0000000,0x00000006d1c7df58,0x00000006daa00000)
 Metaspace       used 6762K, capacity 7320K, committed 7680K, reserved 1056768K
  class space    used 641K, capacity 656K, committed 768K, reserved 1048576K
Event: 40.992 GC heap after
Heap after GC invocations=22 (full 4):
 PSYoungGen      total 463360K, used 119265K [0x000000076ab00000, 0x0000000790c00000, 0x00000007c0000000)
  eden space 344064K, 0% used [0x000000076ab00000,0x000000076ab00000,0x000000077fb00000)
  from space 119296K, 99% used [0x0000000789780000,0x0000000790bf85b0,0x0000000790c00000)
  to   space 108544K, 0% used [0x000000077fb00000,0x000000077fb00000,0x0000000786500000)
 ParOldGen       total 436224K, used 362308K [0x00000006c0000000, 0x00000006daa00000, 0x000000076ab00000)
  object space 436224K, 83% used [0x00000006c0000000,0x00000006d61d1378,0x00000006daa00000)
 Metaspace       used 6762K, capacity 7320K, committed 7680K, reserved 1056768K
  class space    used 641K, capacity 656K, committed 768K, reserved 1048576K
}
Event: 41.879 GC heap before
{Heap before GC invocations=23 (full 4):
 PSYoungGen      total 463360K, used 463329K [0x000000076ab00000, 0x0000000790c00000, 0x00000007c0000000)
  eden space 344064K, 100% used [0x000000076ab00000,0x000000077fb00000,0x000000077fb00000)
  from space 119296K, 99% used [0x0000000789780000,0x0000000790bf85b0,0x0000000790c00000)
  to   space 108544K, 0% used [0x000000077fb00000,0x000000077fb00000,0x0000000786500000)
 ParOldGen       total 436224K, used 362308K [0x00000006c0000000, 0x00000006daa00000, 0x000000076ab00000)
  object space 436224K, 83% used [0x00000006c0000000,0x00000006d61d1378,0x00000006daa00000)
 Metaspace       used 6771K, capacity 7320K, committed 7680K, reserved 1056768K
  class space    used 642K, capacity 656K, committed 768K, reserved 1048576K
Event: 42.782 GC heap after
Heap after GC invocations=23 (full 4):
 PSYoungGen      total 463360K, used 463329K [0x000000076ab00000, 0x0000000790c00000, 0x00000007c0000000)
  eden space 344064K, 100% used [0x000000076ab00000,0x000000077fb00000,0x000000077fb00000)
  from space 119296K, 99% used [0x0000000789780000,0x0000000790bf85b0,0x0000000790c00000)
  to   space 108544K, 99% used [0x000000077fb00000,0x00000007864fba08,0x0000000786500000)
 ParOldGen       total 492032K, used 492024K [0x00000006c0000000, 0x00000006de080000, 0x000000076ab00000)
  object space 492032K, 99% used [0x00000006c0000000,0x00000006de07e228,0x00000006de080000)
 Metaspace       used 6771K, capacity 7320K, committed 7680K, reserved 1056768K
  class space    used 642K, capacity 656K, committed 768K, reserved 1048576K
}
Event: 42.782 GC heap before
{Heap before GC invocations=24 (full 5):
 PSYoungGen      total 463360K, used 463329K [0x000000076ab00000, 0x0000000790c00000, 0x00000007c0000000)
  eden space 344064K, 100% used [0x000000076ab00000,0x000000077fb00000,0x000000077fb00000)
  from space 119296K, 99% used [0x0000000789780000,0x0000000790bf85b0,0x0000000790c00000)
  to   space 108544K, 99% used [0x000000077fb00000,0x00000007864fba08,0x0000000786500000)
 ParOldGen       total 492032K, used 492024K [0x00000006c0000000, 0x00000006de080000, 0x000000076ab00000)
  object space 492032K, 99% used [0x00000006c0000000,0x00000006de07e228,0x00000006de080000)
 Metaspace       used 6771K, capacity 7320K, committed 7680K, reserved 1056768K
  class space    used 642K, capacity 656K, committed 768K, reserved 1048576K
Event: 50.901 GC heap after
Heap after GC invocations=24 (full 5):
 PSYoungGen      total 463360K, used 126487K [0x000000076ab00000, 0x0000000790c00000, 0x00000007c0000000)
  eden space 344064K, 36% used [0x000000076ab00000,0x0000000772685e10,0x000000077fb00000)
  from space 119296K, 0% used [0x0000000789780000,0x0000000789780000,0x0000000790c00000)
  to   space 108544K, 0% used [0x000000077fb00000,0x000000077fb00000,0x0000000786500000)
 ParOldGen       total 492032K, used 491939K [0x00000006c0000000, 0x00000006de080000, 0x000000076ab00000)
  object space 492032K, 99% used [0x00000006c0000000,0x00000006de068d70,0x00000006de080000)
 Metaspace       used 6771K, capacity 7320K, committed 7680K, reserved 1056768K
  class space    used 642K, capacity 656K, committed 768K, reserved 1048576K
}

